bash-4.2$ vsim -c +trace_file=t9.din cache_simulator -do "run -all"
Reading pref.tcl

# 2021.3_1

# vsim -c "+trace_file=t9.din" cache_simulator -do "run -all" 
# Start time: 18:57:47 on Dec 10,2024
# ** Note: (vsim-3812) Design is being optimized...
# //  Questa Sim-64
# //  Version 2021.3_1 linux_x86_64 Aug 15 2021
# //
# //  Copyright 1991-2021 Mentor Graphics Corporation
# //  All Rights Reserved.
# //
# //  QuestaSim and its associated documentation contain trade
# //  secrets and commercial or financial information that are the property of
# //  Mentor Graphics Corporation and are privileged, confidential,
# //  and exempt from disclosure under the Freedom of Information Act,
# //  5 U.S.C. Section 552. Furthermore, this information
# //  is prohibited from disclosure under the Trade Secrets Act,
# //  18 U.S.C. Section 1905.
# //
# Loading sv_std.std
# Loading work.cache_config_pkg(fast)
# Loading work.CACHE_NEW_3_sv_unit(fast)
# Loading work.cache_simulator(fast)
# run -all
# L2: SENDLINE 00000002
# tag:0 , MESI=E
# BusOp: READ, Address: 2, Snoop Result: NOHIT 
# 
# L2: GETLINE 00000002
# tag:0 , MESI=M
# index=0x00000000 , way=0x0000000f ,tag=0x000, MESI=M PLRU=0x1xxxxxxx1xxx1x1
# L2: GETLINE 0000003f
# BusOp: WRITE, Address: 3f, Snoop Result: NOHIT 
# 
# SnoopResult: Address 0000003f, SnoopResult: HITM
# tag:0 , MESI=S
# index=0x00000000 , way=0x0000000f ,tag=0x000, MESI=S PLRU=0x1xxxxxxx1xxx1x1
# Cache hit ratio = 0.500000
# Number of cache reads= 1
# Number of cache writes = 1
# Number of cache hits 1.000000
# Number of cache misss 1.000000
# Number of cache hits 1
# Number of cache miss 1
# Finished reading the file
